This is pdfTeX, Version 3.14159265-2.6-1.40.21 (TeX Live 2020/W32TeX) (preloaded format=pdflatex 2020.5.22)  30 JAN 2021 20:05
entering extended mode
 restricted \write18 enabled.
 %&-line parsing enabled.
**Summary.tex
(./Summary.tex
LaTeX2e <2020-02-02> patch level 5
L3 programming layer <2020-03-06>
(c:/texlive/2020/texmf-dist/tex/latex/base/article.cls
Document Class: article 2019/12/20 v1.4l Standard LaTeX document class
(c:/texlive/2020/texmf-dist/tex/latex/base/size12.clo
File: size12.clo 2019/12/20 v1.4l Standard LaTeX file (size option)
)
\c@part=\count167
\c@section=\count168
\c@subsection=\count169
\c@subsubsection=\count170
\c@paragraph=\count171
\c@subparagraph=\count172
\c@figure=\count173
\c@table=\count174
\abovecaptionskip=\skip47
\belowcaptionskip=\skip48
\bibindent=\dimen134
)
(c:/texlive/2020/texmf-dist/tex/latex/geometry/geometry.sty
Package: geometry 2020/01/02 v5.9 Page Geometry

(c:/texlive/2020/texmf-dist/tex/latex/graphics/keyval.sty
Package: keyval 2014/10/28 v1.15 key=value parser (DPC)
\KV@toks@=\toks15
)
(c:/texlive/2020/texmf-dist/tex/generic/iftex/ifvtex.sty
Package: ifvtex 2019/10/25 v1.7 ifvtex legacy package. Use iftex instead.

(c:/texlive/2020/texmf-dist/tex/generic/iftex/iftex.sty
Package: iftex 2020/03/06 v1.0d TeX engine tests
))
\Gm@cnth=\count175
\Gm@cntv=\count176
\c@Gm@tempcnt=\count177
\Gm@bindingoffset=\dimen135
\Gm@wd@mp=\dimen136
\Gm@odd@mp=\dimen137
\Gm@even@mp=\dimen138
\Gm@layoutwidth=\dimen139
\Gm@layoutheight=\dimen140
\Gm@layouthoffset=\dimen141
\Gm@layoutvoffset=\dimen142
\Gm@dimlist=\toks16
)
(c:/texlive/2020/texmf-dist/tex/latex/tools/dcolumn.sty
Package: dcolumn 2014/10/28 v1.06 decimal alignment package (DPC)

(c:/texlive/2020/texmf-dist/tex/latex/tools/array.sty
Package: array 2019/08/31 v2.4l Tabular extension package (FMi)
\col@sep=\dimen143
\ar@mcellbox=\box45
\extrarowheight=\dimen144
\NC@list=\toks17
\extratabsurround=\skip49
\backup@length=\skip50
\ar@cellbox=\box46
))
(c:/texlive/2020/texmf-dist/tex/latex/booktabs/booktabs.sty
Package: booktabs 2020/01/12 v1.61803398 Publication quality tables
\heavyrulewidth=\dimen145
\lightrulewidth=\dimen146
\cmidrulewidth=\dimen147
\belowrulesep=\dimen148
\belowbottomsep=\dimen149
\aboverulesep=\dimen150
\abovetopsep=\dimen151
\cmidrulesep=\dimen152
\cmidrulekern=\dimen153
\defaultaddspace=\dimen154
\@cmidla=\count178
\@cmidlb=\count179
\@aboverulesep=\dimen155
\@belowrulesep=\dimen156
\@thisruleclass=\count180
\@lastruleclass=\count181
\@thisrulewidth=\dimen157
)
(c:/texlive/2020/texmf-dist/tex/latex/pdflscape/pdflscape.sty
Package: pdflscape 2019/12/05 v0.12 Display of landscape pages in PDF (HO)

(c:/texlive/2020/texmf-dist/tex/latex/graphics/lscape.sty
Package: lscape 2000/10/22 v3.01 Landscape Pages (DPC)

(c:/texlive/2020/texmf-dist/tex/latex/graphics/graphics.sty
Package: graphics 2019/11/30 v1.4a Standard LaTeX Graphics (DPC,SPQR)

(c:/texlive/2020/texmf-dist/tex/latex/graphics/trig.sty
Package: trig 2016/01/03 v1.10 sin cos tan (DPC)
)
(c:/texlive/2020/texmf-dist/tex/latex/graphics-cfg/graphics.cfg
File: graphics.cfg 2016/06/04 v1.11 sample graphics configuration
)
Package graphics Info: Driver file: pdftex.def on input line 105.

(c:/texlive/2020/texmf-dist/tex/latex/graphics-def/pdftex.def
File: pdftex.def 2018/01/08 v1.0l Graphics/color driver for pdftex
)))
Package pdflscape Info: Auto-detected driver: pdftex on input line 81.
)
(c:/texlive/2020/texmf-dist/tex/latex/graphics/graphicx.sty
Package: graphicx 2019/11/30 v1.2a Enhanced LaTeX Graphics (DPC,SPQR)
\Gin@req@height=\dimen158
\Gin@req@width=\dimen159
)
(c:/texlive/2020/texmf-dist/tex/latex/placeins/placeins.sty
Package: placeins 2005/04/18  v 2.2
)
(c:/texlive/2020/texmf-dist/tex/latex/xcolor/xcolor.sty
Package: xcolor 2016/05/11 v2.12 LaTeX color extensions (UK)

(c:/texlive/2020/texmf-dist/tex/latex/graphics-cfg/color.cfg
File: color.cfg 2016/01/02 v1.6 sample color configuration
)
Package xcolor Info: Driver file: pdftex.def on input line 225.
Package xcolor Info: Model `cmy' substituted by `cmy0' on input line 1348.
Package xcolor Info: Model `hsb' substituted by `rgb' on input line 1352.
Package xcolor Info: Model `RGB' extended on input line 1364.
Package xcolor Info: Model `HTML' substituted by `rgb' on input line 1366.
Package xcolor Info: Model `Hsb' substituted by `hsb' on input line 1367.
Package xcolor Info: Model `tHsb' substituted by `hsb' on input line 1368.
Package xcolor Info: Model `HSB' substituted by `hsb' on input line 1369.
Package xcolor Info: Model `Gray' substituted by `gray' on input line 1370.
Package xcolor Info: Model `wave' substituted by `hsb' on input line 1371.
)
(c:/texlive/2020/texmf-dist/tex/latex/caption/subcaption.sty
Package: subcaption 2020/01/22 v1.3d Sub-captions (AR)

(c:/texlive/2020/texmf-dist/tex/latex/caption/caption.sty
Package: caption 2020/01/03 v3.4h Customizing captions (AR)

(c:/texlive/2020/texmf-dist/tex/latex/caption/caption3.sty
Package: caption3 2020/01/03 v1.8h caption3 kernel (AR)
Package caption3 Info: TeX engine: e-TeX on input line 61.
\captionmargin=\dimen160
\captionmargin@=\dimen161
\captionwidth=\dimen162
\caption@tempdima=\dimen163
\caption@indent=\dimen164
\caption@parindent=\dimen165
\caption@hangindent=\dimen166
Package caption Info: Standard document class detected.
)
\c@caption@flags=\count182
\c@continuedfloat=\count183
)
\c@subfigure=\count184
\c@subtable=\count185
)
(c:/texlive/2020/texmf-dist/tex/latex/amsmath/amsmath.sty
Package: amsmath 2020/01/20 v2.17e AMS math features
\@mathmargin=\skip51

For additional information on amsmath, use the `?' option.
(c:/texlive/2020/texmf-dist/tex/latex/amsmath/amstext.sty
Package: amstext 2000/06/29 v2.01 AMS text

(c:/texlive/2020/texmf-dist/tex/latex/amsmath/amsgen.sty
File: amsgen.sty 1999/11/30 v2.0 generic functions
\@emptytoks=\toks18
\ex@=\dimen167
))
(c:/texlive/2020/texmf-dist/tex/latex/amsmath/amsbsy.sty
Package: amsbsy 1999/11/29 v1.2d Bold Symbols
\pmbraise@=\dimen168
)
(c:/texlive/2020/texmf-dist/tex/latex/amsmath/amsopn.sty
Package: amsopn 2016/03/08 v2.02 operator names
)
\inf@bad=\count186
LaTeX Info: Redefining \frac on input line 227.
\uproot@=\count187
\leftroot@=\count188
LaTeX Info: Redefining \overline on input line 389.
\classnum@=\count189
\DOTSCASE@=\count190
LaTeX Info: Redefining \ldots on input line 486.
LaTeX Info: Redefining \dots on input line 489.
LaTeX Info: Redefining \cdots on input line 610.
\Mathstrutbox@=\box47
\strutbox@=\box48
\big@size=\dimen169
LaTeX Font Info:    Redeclaring font encoding OML on input line 733.
LaTeX Font Info:    Redeclaring font encoding OMS on input line 734.
\macc@depth=\count191
\c@MaxMatrixCols=\count192
\dotsspace@=\muskip16
\c@parentequation=\count193
\dspbrk@lvl=\count194
\tag@help=\toks19
\row@=\count195
\column@=\count196
\maxfields@=\count197
\andhelp@=\toks20
\eqnshift@=\dimen170
\alignsep@=\dimen171
\tagshift@=\dimen172
\tagwidth@=\dimen173
\totwidth@=\dimen174
\lineht@=\dimen175
\@envbody=\toks21
\multlinegap=\skip52
\multlinetaggap=\skip53
\mathdisplay@stack=\toks22
LaTeX Info: Redefining \[ on input line 2859.
LaTeX Info: Redefining \] on input line 2860.
)
(c:/texlive/2020/texmf-dist/tex/latex/hyperref/hyperref.sty
Package: hyperref 2020/01/14 v7.00d Hypertext links for LaTeX

(c:/texlive/2020/texmf-dist/tex/generic/ltxcmds/ltxcmds.sty
Package: ltxcmds 2019/12/15 v1.24 LaTeX kernel commands for general use (HO)
)
(c:/texlive/2020/texmf-dist/tex/latex/pdftexcmds/pdftexcmds.sty
Package: pdftexcmds 2019/11/24 v0.31 Utility functions of pdfTeX for LuaTeX (HO
)

(c:/texlive/2020/texmf-dist/tex/generic/infwarerr/infwarerr.sty
Package: infwarerr 2019/12/03 v1.5 Providing info/warning/error messages (HO)
)
Package pdftexcmds Info: \pdf@primitive is available.
Package pdftexcmds Info: \pdf@ifprimitive is available.
Package pdftexcmds Info: \pdfdraftmode found.
)
(c:/texlive/2020/texmf-dist/tex/generic/kvsetkeys/kvsetkeys.sty
Package: kvsetkeys 2019/12/15 v1.18 Key value parser (HO)
)
(c:/texlive/2020/texmf-dist/tex/generic/kvdefinekeys/kvdefinekeys.sty
Package: kvdefinekeys 2019-12-19 v1.6 Define keys (HO)
)
(c:/texlive/2020/texmf-dist/tex/generic/pdfescape/pdfescape.sty
Package: pdfescape 2019/12/09 v1.15 Implements pdfTeX's escape features (HO)
)
(c:/texlive/2020/texmf-dist/tex/latex/hycolor/hycolor.sty
Package: hycolor 2020-01-27 v1.10 Color options for hyperref/bookmark (HO)
)
(c:/texlive/2020/texmf-dist/tex/latex/letltxmacro/letltxmacro.sty
Package: letltxmacro 2019/12/03 v1.6 Let assignment for LaTeX macros (HO)
)
(c:/texlive/2020/texmf-dist/tex/latex/auxhook/auxhook.sty
Package: auxhook 2019-12-17 v1.6 Hooks for auxiliary files (HO)
)
(c:/texlive/2020/texmf-dist/tex/latex/kvoptions/kvoptions.sty
Package: kvoptions 2019/11/29 v3.13 Key value format for package options (HO)
)
\@linkdim=\dimen176
\Hy@linkcounter=\count198
\Hy@pagecounter=\count199

(c:/texlive/2020/texmf-dist/tex/latex/hyperref/pd1enc.def
File: pd1enc.def 2020/01/14 v7.00d Hyperref: PDFDocEncoding definition (HO)
Now handling font encoding PD1 ...
... no UTF-8 mapping file for font encoding PD1
)
(c:/texlive/2020/texmf-dist/tex/generic/intcalc/intcalc.sty
Package: intcalc 2019/12/15 v1.3 Expandable calculations with integers (HO)
)
(c:/texlive/2020/texmf-dist/tex/generic/etexcmds/etexcmds.sty
Package: etexcmds 2019/12/15 v1.7 Avoid name clashes with e-TeX commands (HO)
)
\Hy@SavedSpaceFactor=\count266
Package hyperref Info: Hyper figures OFF on input line 4547.
Package hyperref Info: Link nesting OFF on input line 4552.
Package hyperref Info: Hyper index ON on input line 4555.
Package hyperref Info: Plain pages OFF on input line 4562.
Package hyperref Info: Backreferencing OFF on input line 4567.
Package hyperref Info: Implicit mode ON; LaTeX internals redefined.
Package hyperref Info: Bookmarks ON on input line 4800.
\c@Hy@tempcnt=\count267

(c:/texlive/2020/texmf-dist/tex/latex/url/url.sty
\Urlmuskip=\muskip17
Package: url 2013/09/16  ver 3.4  Verb mode for urls, etc.
)
LaTeX Info: Redefining \url on input line 5159.
\XeTeXLinkMargin=\dimen177

(c:/texlive/2020/texmf-dist/tex/generic/bitset/bitset.sty
Package: bitset 2019/12/09 v1.3 Handle bit-vector datatype (HO)

(c:/texlive/2020/texmf-dist/tex/generic/bigintcalc/bigintcalc.sty
Package: bigintcalc 2019/12/15 v1.5 Expandable calculations on big integers (HO
)
))
\Fld@menulength=\count268
\Field@Width=\dimen178
\Fld@charsize=\dimen179
Package hyperref Info: Hyper figures OFF on input line 6430.
Package hyperref Info: Link nesting OFF on input line 6435.
Package hyperref Info: Hyper index ON on input line 6438.
Package hyperref Info: backreferencing OFF on input line 6445.
Package hyperref Info: Link coloring OFF on input line 6450.
Package hyperref Info: Link coloring with OCG OFF on input line 6455.
Package hyperref Info: PDF/A mode OFF on input line 6460.
LaTeX Info: Redefining \ref on input line 6500.
LaTeX Info: Redefining \pageref on input line 6504.

(c:/texlive/2020/texmf-dist/tex/generic/atbegshi/atbegshi.sty
Package: atbegshi 2019/12/05 v1.19 At begin shipout hook (HO)
)
\Hy@abspage=\count269
\c@Item=\count270
\c@Hfootnote=\count271
)
Package hyperref Info: Driver (autodetected): hpdftex.

(c:/texlive/2020/texmf-dist/tex/latex/hyperref/hpdftex.def
File: hpdftex.def 2020/01/14 v7.00d Hyperref driver for pdfTeX

(c:/texlive/2020/texmf-dist/tex/latex/atveryend/atveryend.sty
Package: atveryend 2019-12-11 v1.11 Hooks at the very end of document (HO)
Package atveryend Info: \enddocument detected (standard20110627).
)
\Fld@listcount=\count272
\c@bookmark@seq@number=\count273

(c:/texlive/2020/texmf-dist/tex/latex/rerunfilecheck/rerunfilecheck.sty
Package: rerunfilecheck 2019/12/05 v1.9 Rerun checks for auxiliary files (HO)

(c:/texlive/2020/texmf-dist/tex/generic/uniquecounter/uniquecounter.sty
Package: uniquecounter 2019/12/15 v1.4 Provide unlimited unique counter (HO)
)
Package uniquecounter Info: New unique counter `rerunfilecheck' on input line 2
86.
)
\Hy@SectionHShift=\skip54
)
(c:/texlive/2020/texmf-dist/tex/latex/multirow/multirow.sty
Package: multirow 2019/05/31 v2.5 Span multiple rows of a table
\multirow@colwidth=\skip55
\multirow@cntb=\count274
\multirow@dima=\skip56
\bigstrutjot=\dimen180
)
(c:/texlive/2020/texmf-dist/tex/latex/appendix/appendix.sty
Package: appendix 2020/02/08 v1.2c extra appendix facilities
\c@@pps=\count275
\c@@ppsavesec=\count276
\c@@ppsaveapp=\count277
)
(c:/texlive/2020/texmf-dist/tex/latex/l3backend/l3backend-pdfmode.def
File: l3backend-pdfmode.def 2020-03-12 L3 backend support: PDF mode
\l__kernel_color_stack_int=\count278
\l__pdf_internal_box=\box49
)
(./Summary.aux)
\openout1 = `Summary.aux'.

LaTeX Font Info:    Checking defaults for OML/cmm/m/it on input line 21.
LaTeX Font Info:    ... okay on input line 21.
LaTeX Font Info:    Checking defaults for OMS/cmsy/m/n on input line 21.
LaTeX Font Info:    ... okay on input line 21.
LaTeX Font Info:    Checking defaults for OT1/cmr/m/n on input line 21.
LaTeX Font Info:    ... okay on input line 21.
LaTeX Font Info:    Checking defaults for T1/cmr/m/n on input line 21.
LaTeX Font Info:    ... okay on input line 21.
LaTeX Font Info:    Checking defaults for TS1/cmr/m/n on input line 21.
LaTeX Font Info:    ... okay on input line 21.
LaTeX Font Info:    Checking defaults for OMX/cmex/m/n on input line 21.
LaTeX Font Info:    ... okay on input line 21.
LaTeX Font Info:    Checking defaults for U/cmr/m/n on input line 21.
LaTeX Font Info:    ... okay on input line 21.
LaTeX Font Info:    Checking defaults for PD1/pdf/m/n on input line 21.
LaTeX Font Info:    ... okay on input line 21.

*geometry* driver: auto-detecting
*geometry* detected driver: pdftex
*geometry* verbose mode - [ preamble ] result:
* driver: pdftex
* paper: <default>
* layout: <same size as paper>
* layoutoffset:(h,v)=(0.0pt,0.0pt)
* modes: 
* h-part:(L,W,R)=(92.14519pt, 430.00462pt, 92.14519pt)
* v-part:(T,H,B)=(95.39737pt, 556.47656pt, 143.09605pt)
* \paperwidth=614.295pt
* \paperheight=794.96999pt
* \textwidth=430.00462pt
* \textheight=556.47656pt
* \oddsidemargin=19.8752pt
* \evensidemargin=19.8752pt
* \topmargin=-13.87262pt
* \headheight=12.0pt
* \headsep=25.0pt
* \topskip=12.0pt
* \footskip=30.0pt
* \marginparwidth=44.0pt
* \marginparsep=10.0pt
* \columnsep=10.0pt
* \skip\footins=10.8pt plus 4.0pt minus 2.0pt
* \hoffset=0.0pt
* \voffset=0.0pt
* \mag=1000
* \@twocolumnfalse
* \@twosidefalse
* \@mparswitchfalse
* \@reversemarginfalse
* (1in=72.27pt=25.4mm, 1cm=28.453pt)

(c:/texlive/2020/texmf-dist/tex/context/base/mkii/supp-pdf.mkii
[Loading MPS to PDF converter (version 2006.09.02).]
\scratchcounter=\count279
\scratchdimen=\dimen181
\scratchbox=\box50
\nofMPsegments=\count280
\nofMParguments=\count281
\everyMPshowfont=\toks23
\MPscratchCnt=\count282
\MPscratchDim=\dimen182
\MPnumerator=\count283
\makeMPintoPDFobject=\count284
\everyMPtoPDFconversion=\toks24
) (c:/texlive/2020/texmf-dist/tex/latex/epstopdf-pkg/epstopdf-base.sty
Package: epstopdf-base 2020-01-24 v2.11 Base part for package epstopdf

(c:/texlive/2020/texmf-dist/tex/latex/grfext/grfext.sty
Package: grfext 2019/12/03 v1.3 Manage graphics extensions (HO)
)
Package epstopdf-base Info: Redefining graphics rule for `.eps' on input line 4
85.
Package grfext Info: Graphics extension search list:
(grfext)             [.pdf,.png,.jpg,.mps,.jpeg,.jbig2,.jb2,.PDF,.PNG,.JPG,.JPE
G,.JBIG2,.JB2,.eps]
(grfext)             \AppendGraphicsExtensions on input line 504.

(c:/texlive/2020/texmf-dist/tex/latex/latexconfig/epstopdf-sys.cfg
File: epstopdf-sys.cfg 2010/07/13 v1.3 Configuration of (r)epstopdf for TeX Liv
e
))
Package caption Info: Begin \AtBeginDocument code.
Package caption Info: hyperref package is loaded.
Package caption Info: End \AtBeginDocument code.
\AtBeginShipoutBox=\box51
Package hyperref Info: Link coloring OFF on input line 21.

(c:/texlive/2020/texmf-dist/tex/latex/hyperref/nameref.sty
Package: nameref 2019/09/16 v2.46 Cross-referencing by name of section

(c:/texlive/2020/texmf-dist/tex/latex/refcount/refcount.sty
Package: refcount 2019/12/15 v3.6 Data extraction from label references (HO)
)
(c:/texlive/2020/texmf-dist/tex/generic/gettitlestring/gettitlestring.sty
Package: gettitlestring 2019/12/15 v1.6 Cleanup title references (HO)
)
\c@section@level=\count285
)
LaTeX Info: Redefining \ref on input line 21.
LaTeX Info: Redefining \pageref on input line 21.
LaTeX Info: Redefining \nameref on input line 21.

(./Summary.out) (./Summary.out)
\@outlinefile=\write3
\openout3 = `Summary.out'.

*geometry* verbose mode - [ newgeometry ] result:
* driver: pdftex
* paper: <default>
* layout: <same size as paper>
* layoutoffset:(h,v)=(0.0pt,0.0pt)
* modes: 
* h-part:(L,W,R)=(34.14322pt, 546.00856pt, 34.14322pt)
* v-part:(T,H,B)=(34.14322pt, 726.68355pt, 34.14322pt)
* \paperwidth=614.295pt
* \paperheight=794.96999pt
* \textwidth=546.00856pt
* \textheight=726.68355pt
* \oddsidemargin=-38.12677pt
* \evensidemargin=-38.12677pt
* \topmargin=-75.12677pt
* \headheight=12.0pt
* \headsep=25.0pt
* \topskip=12.0pt
* \footskip=30.0pt
* \marginparwidth=44.0pt
* \marginparsep=10.0pt
* \columnsep=10.0pt
* \skip\footins=10.8pt plus 4.0pt minus 2.0pt
* \hoffset=0.0pt
* \voffset=0.0pt
* \mag=1000
* \@twocolumnfalse
* \@twosidefalse
* \@mparswitchfalse
* \@reversemarginfalse
* (1in=72.27pt=25.4mm, 1cm=28.453pt)

 [1


{c:/texlive/2020/texmf-var/fonts/map/pdftex/updmap/pdftex.map}]
Package epstopdf Info: Source file: <MNH.eps>
(epstopdf)                    date: 2021-01-30 11:05:14
(epstopdf)                    size: 70854 bytes
(epstopdf)             Output file: <MNH-eps-converted-to.pdf>
(epstopdf)                    date: 2021-01-30 11:14:29
(epstopdf)                    size: 22894 bytes
(epstopdf)             Command: <repstopdf --outfile=MNH-eps-converted-to.pdf M
NH.eps>
(epstopdf)             \includegraphics on input line 53.
Package epstopdf Info: Output file is already uptodate.
<MNH-eps-converted-to.pdf, id=48, 1160.81679pt x 671.82996pt>
File: MNH-eps-converted-to.pdf Graphic file (type pdf)
<use MNH-eps-converted-to.pdf>
Package pdftex.def Info: MNH-eps-converted-to.pdf  used on input line 53.
(pdftex.def)             Requested size: 726.68355pt x 420.56927pt.
 [2 <./MNH-eps-converted-to.pdf>]
Package epstopdf Info: Source file: <MNH2.eps>
(epstopdf)                    date: 2021-01-30 11:05:16
(epstopdf)                    size: 68303 bytes
(epstopdf)             Output file: <MNH2-eps-converted-to.pdf>
(epstopdf)                    date: 2021-01-30 11:14:33
(epstopdf)                    size: 21781 bytes
(epstopdf)             Command: <repstopdf --outfile=MNH2-eps-converted-to.pdf 
MNH2.eps>
(epstopdf)             \includegraphics on input line 62.
Package epstopdf Info: Output file is already uptodate.
<MNH2-eps-converted-to.pdf, id=114, 1168.15425pt x 671.82996pt>
File: MNH2-eps-converted-to.pdf Graphic file (type pdf)
<use MNH2-eps-converted-to.pdf>
Package pdftex.def Info: MNH2-eps-converted-to.pdf  used on input line 62.
(pdftex.def)             Requested size: 726.68355pt x 417.9347pt.
 [3 <./MNH2-eps-converted-to.pdf>]
<PUL2.png, id=177, 794.97pt x 578.16pt>
File: PUL2.png Graphic file (type png)
<use PUL2.png>
Package pdftex.def Info: PUL2.png  used on input line 92.
(pdftex.def)             Requested size: 354.90222pt x 258.11406pt.
<PUL.png, id=178, 794.97pt x 578.16pt>
File: PUL.png Graphic file (type png)
<use PUL.png>
Package pdftex.def Info: PUL.png  used on input line 98.
(pdftex.def)             Requested size: 354.90222pt x 258.11406pt.
Package epstopdf Info: Source file: <DPL.eps>
(epstopdf)                    date: 2021-01-30 11:25:43
(epstopdf)                    size: 21718 bytes
(epstopdf)             Output file: <DPL-eps-converted-to.pdf>
(epstopdf)                    date: 2021-01-30 11:26:06
(epstopdf)                    size: 10061 bytes
(epstopdf)             Command: <repstopdf --outfile=DPL-eps-converted-to.pdf D
PL.eps>
(epstopdf)             \includegraphics on input line 105.
Package epstopdf Info: Output file is already uptodate.
<DPL-eps-converted-to.pdf, id=179, 397.485pt x 289.08pt>
File: DPL-eps-converted-to.pdf Graphic file (type pdf)
<use DPL-eps-converted-to.pdf>
Package pdftex.def Info: DPL-eps-converted-to.pdf  used on input line 105.
(pdftex.def)             Requested size: 382.20432pt x 277.97679pt.
Package epstopdf Info: Source file: <DPU.eps>
(epstopdf)                    date: 2021-01-30 11:25:41
(epstopdf)                    size: 22102 bytes
(epstopdf)             Output file: <DPU-eps-converted-to.pdf>
(epstopdf)                    date: 2021-01-30 11:26:10
(epstopdf)                    size: 10093 bytes
(epstopdf)             Command: <repstopdf --outfile=DPU-eps-converted-to.pdf D
PU.eps>
(epstopdf)             \includegraphics on input line 111.
Package epstopdf Info: Output file is already uptodate.
<DPU-eps-converted-to.pdf, id=180, 397.485pt x 289.08pt>
File: DPU-eps-converted-to.pdf Graphic file (type pdf)
<use DPU-eps-converted-to.pdf>
Package pdftex.def Info: DPU-eps-converted-to.pdf  used on input line 111.
(pdftex.def)             Requested size: 382.20432pt x 277.97679pt.
 [4




 <./PUL2.png (PNG copy)>] [5 <./PUL.png (PNG copy)> <./DPL-eps-converted-to.pdf
>]
<TAR.png, id=200, 794.97pt x 578.16pt>
File: TAR.png Graphic file (type png)
<use TAR.png>
Package pdftex.def Info: TAR.png  used on input line 132.
(pdftex.def)             Requested size: 382.20432pt x 277.97238pt.
<CUAR.png, id=201, 794.97pt x 578.16pt>
File: CUAR.png Graphic file (type png)
<use CUAR.png>
Package pdftex.def Info: CUAR.png  used on input line 139.
(pdftex.def)             Requested size: 382.20432pt x 277.97238pt.
<CLAR.png, id=202, 794.97pt x 578.16pt>
File: CLAR.png Graphic file (type png)
<use CLAR.png>
Package pdftex.def Info: CLAR.png  used on input line 146.
(pdftex.def)             Requested size: 382.20432pt x 277.97238pt.
<AR.png, id=203, 794.97pt x 578.16pt>
File: AR.png Graphic file (type png)
<use AR.png>
Package pdftex.def Info: AR.png  used on input line 153.
(pdftex.def)             Requested size: 382.20432pt x 277.97238pt.
<95U.png, id=204, 794.97pt x 578.16pt>
File: 95U.png Graphic file (type png)
<use 95U.png>
Package pdftex.def Info: 95U.png  used on input line 161.
(pdftex.def)             Requested size: 382.20432pt x 277.97238pt.
<95L.png, id=205, 794.97pt x 578.16pt>
File: 95L.png Graphic file (type png)
<use 95L.png>
Package pdftex.def Info: 95L.png  used on input line 167.
(pdftex.def)             Requested size: 382.20432pt x 277.97238pt.
<UPNAbR.png, id=206, 794.97pt x 578.16pt>
File: UPNAbR.png Graphic file (type png)
<use UPNAbR.png>
Package pdftex.def Info: UPNAbR.png  used on input line 173.
(pdftex.def)             Requested size: 382.20432pt x 277.97238pt.
<LPNAbR.png, id=207, 794.97pt x 578.16pt>
File: LPNAbR.png Graphic file (type png)
<use LPNAbR.png>
Package pdftex.def Info: LPNAbR.png  used on input line 179.
(pdftex.def)             Requested size: 382.20432pt x 277.97238pt.
<CLPNAbR.png, id=208, 794.97pt x 578.16pt>
File: CLPNAbR.png Graphic file (type png)
<use CLPNAbR.png>
Package pdftex.def Info: CLPNAbR.png  used on input line 185.
(pdftex.def)             Requested size: 382.20432pt x 277.97238pt.
<CUPNAbR.png, id=209, 794.97pt x 578.16pt>
File: CUPNAbR.png Graphic file (type png)
<use CUPNAbR.png>
Package pdftex.def Info: CUPNAbR.png  used on input line 191.
(pdftex.def)             Requested size: 382.20432pt x 277.97238pt.
 [6 <./DPU-eps-converted-to.pdf>] [7 <./TAR.png (PNG copy)> <./CUAR.png (PNG co
py)>] [8 <./CLAR.png (PNG copy)> <./AR.png (PNG copy)>] [9 <./95U.png (PNG copy
)> <./95L.png (PNG copy)>] [10 <./UPNAbR.png (PNG copy)> <./LPNAbR.png (PNG cop
y)>] [11 <./CLPNAbR.png (PNG copy)> <./CUPNAbR.png (PNG copy)>]
(./PAbReturn.tex)

LaTeX Warning: Float too large for page by 49.71474pt on input line 202.

[12]
<DUT.png, id=264, 794.97pt x 578.16pt>
File: DUT.png Graphic file (type png)
<use DUT.png>
Package pdftex.def Info: DUT.png  used on input line 213.
(pdftex.def)             Requested size: 327.60846pt x 238.26457pt.
<DLT.png, id=265, 794.97pt x 578.16pt>
File: DLT.png Graphic file (type png)
<use DLT.png>
Package pdftex.def Info: DLT.png  used on input line 219.
(pdftex.def)             Requested size: 354.90222pt x 258.11406pt.
<DCLT.png, id=266, 794.97pt x 578.16pt>
File: DCLT.png Graphic file (type png)
<use DCLT.png>
Package pdftex.def Info: DCLT.png  used on input line 226.
(pdftex.def)             Requested size: 382.20432pt x 277.97238pt.
<DCUT.png, id=267, 794.97pt x 578.16pt>
File: DCUT.png Graphic file (type png)
<use DCUT.png>
Package pdftex.def Info: DCUT.png  used on input line 232.
(pdftex.def)             Requested size: 382.20432pt x 277.97238pt.
 [13

 <./DUT.png (PNG copy)> <./DLT.png (PNG copy)>] [14 <./DCLT.png (PNG copy)> <./
DCUT.png (PNG copy)>] (./PReturn1.tex)
Overfull \hbox (30.77016pt too wide) in paragraph at lines 3--243
 [][] 
 []


LaTeX Warning: Float too large for page by 50.71474pt on input line 243.

[15]
<UI.png, id=287, 794.97pt x 578.16pt>
File: UI.png Graphic file (type png)
<use UI.png>
Package pdftex.def Info: UI.png  used on input line 262.
(pdftex.def)             Requested size: 382.20432pt x 277.97238pt.
Package epstopdf Info: Source file: <UI2.eps>
(epstopdf)                    date: 2021-01-30 11:16:53
(epstopdf)                    size: 22663 bytes
(epstopdf)             Output file: <UI2-eps-converted-to.pdf>
(epstopdf)                    date: 2021-01-30 11:17:03
(epstopdf)                    size: 10412 bytes
(epstopdf)             Command: <repstopdf --outfile=UI2-eps-converted-to.pdf U
I2.eps>
(epstopdf)             \includegraphics on input line 269.
Package epstopdf Info: Output file is already uptodate.
<UI2-eps-converted-to.pdf, id=288, 397.485pt x 289.08pt>
File: UI2-eps-converted-to.pdf Graphic file (type pdf)
<use UI2-eps-converted-to.pdf>
Package pdftex.def Info: UI2-eps-converted-to.pdf  used on input line 269.
(pdftex.def)             Requested size: 382.20432pt x 277.97679pt.
<LI.png, id=289, 794.97pt x 578.16pt>
File: LI.png Graphic file (type png)
<use LI.png>
Package pdftex.def Info: LI.png  used on input line 276.
(pdftex.def)             Requested size: 382.20432pt x 277.97238pt.
Package epstopdf Info: Source file: <LI2.eps>
(epstopdf)                    date: 2021-01-30 11:16:55
(epstopdf)                    size: 22635 bytes
(epstopdf)             Output file: <LI2-eps-converted-to.pdf>
(epstopdf)                    date: 2021-01-30 11:17:08
(epstopdf)                    size: 10355 bytes
(epstopdf)             Command: <repstopdf --outfile=LI2-eps-converted-to.pdf L
I2.eps>
(epstopdf)             \includegraphics on input line 282.
Package epstopdf Info: Output file is already uptodate.
<LI2-eps-converted-to.pdf, id=290, 397.485pt x 289.08pt>
File: LI2-eps-converted-to.pdf Graphic file (type pdf)
<use LI2-eps-converted-to.pdf>
Package pdftex.def Info: LI2-eps-converted-to.pdf  used on input line 282.
(pdftex.def)             Requested size: 382.20432pt x 277.97679pt.
<CLI.png, id=291, 794.97pt x 578.16pt>
File: CLI.png Graphic file (type png)
<use CLI.png>
Package pdftex.def Info: CLI.png  used on input line 290.
(pdftex.def)             Requested size: 382.20432pt x 277.97238pt.
<TUI.png, id=292, 794.97pt x 578.16pt>
File: TUI.png Graphic file (type png)
<use TUI.png>
Package pdftex.def Info: TUI.png  used on input line 299.
(pdftex.def)             Requested size: 382.20432pt x 277.97238pt.
<NUI.png, id=293, 794.97pt x 578.16pt>
File: NUI.png Graphic file (type png)
<use NUI.png>
Package pdftex.def Info: NUI.png  used on input line 306.
(pdftex.def)             Requested size: 382.20432pt x 277.97238pt.
<PUI.png, id=294, 794.97pt x 578.16pt>
File: PUI.png Graphic file (type png)
<use PUI.png>
Package pdftex.def Info: PUI.png  used on input line 314.
(pdftex.def)             Requested size: 382.20432pt x 277.97238pt.
<NLI.png, id=295, 794.97pt x 578.16pt>
File: NLI.png Graphic file (type png)
<use NLI.png>
Package pdftex.def Info: NLI.png  used on input line 322.
(pdftex.def)             Requested size: 382.20432pt x 277.97238pt.
<PLI.png, id=296, 794.97pt x 578.16pt>
File: PLI.png Graphic file (type png)
<use PLI.png>
Package pdftex.def Info: PLI.png  used on input line 330.
(pdftex.def)             Requested size: 382.20432pt x 277.97238pt.
 [16

 <./UI.png (PNG copy)>] [17 <./UI2-eps-converted-to.pdf> <./LI.png (PNG copy)>]
 [18 <./LI2-eps-converted-to.pdf> <./CLI.png (PNG copy)>] [19 <./TUI.png (PNG c
opy)> <./NUI.png (PNG copy)>] [20 <./PUI.png (PNG copy)> <./NLI.png (PNG copy)>
] (./PImbalance.tex)
Overfull \hbox (30.77016pt too wide) in paragraph at lines 3--342
 [][] 
 []


LaTeX Warning: Float too large for page by 50.71474pt on input line 342.

[21 <./PLI.png (PNG copy)>] [22]
<TT.png, id=351, 794.97pt x 578.16pt>
File: TT.png Graphic file (type png)
<use TT.png>
Package pdftex.def Info: TT.png  used on input line 362.
(pdftex.def)             Requested size: 382.20432pt x 277.97238pt.
<T.png, id=352, 794.97pt x 578.16pt>
File: T.png Graphic file (type png)
<use T.png>
Package pdftex.def Info: T.png  used on input line 369.
(pdftex.def)             Requested size: 382.20432pt x 277.97238pt.
<CUT.png, id=353, 794.97pt x 578.16pt>
File: CUT.png Graphic file (type png)
<use CUT.png>
Package pdftex.def Info: CUT.png  used on input line 376.
(pdftex.def)             Requested size: 382.20432pt x 277.97238pt.
<CLT.png, id=354, 794.97pt x 578.16pt>
File: CLT.png Graphic file (type png)
<use CLT.png>
Package pdftex.def Info: CLT.png  used on input line 383.
(pdftex.def)             Requested size: 382.20432pt x 277.97238pt.
 [23

 <./TT.png (PNG copy)>] [24 <./T.png (PNG copy)> <./CUT.png (PNG copy)>]
<TRT.png, id=366, 794.97pt x 578.16pt>
File: TRT.png Graphic file (type png)
<use TRT.png>
Package pdftex.def Info: TRT.png  used on input line 395.
(pdftex.def)             Requested size: 382.20432pt x 277.97238pt.
<CLRT.png, id=367, 794.97pt x 578.16pt>
File: CLRT.png Graphic file (type png)
<use CLRT.png>
Package pdftex.def Info: CLRT.png  used on input line 402.
(pdftex.def)             Requested size: 382.20432pt x 277.97238pt.
<CURT.png, id=368, 794.97pt x 578.16pt>
File: CURT.png Graphic file (type png)
<use CURT.png>
Package pdftex.def Info: CURT.png  used on input line 409.
(pdftex.def)             Requested size: 382.20432pt x 277.97238pt.
<RT.png, id=369, 794.97pt x 578.16pt>
File: RT.png Graphic file (type png)
<use RT.png>
Package pdftex.def Info: RT.png  used on input line 419.
(pdftex.def)             Requested size: 382.20432pt x 277.97238pt.
Package epstopdf Info: Source file: <UPNRT.eps>
(epstopdf)                    date: 2021-01-30 11:16:37
(epstopdf)                    size: 21839 bytes
(epstopdf)             Output file: <UPNRT-eps-converted-to.pdf>
(epstopdf)                    date: 2021-01-30 11:17:13
(epstopdf)                    size: 8892 bytes
(epstopdf)             Command: <repstopdf --outfile=UPNRT-eps-converted-to.pdf
 UPNRT.eps>
(epstopdf)             \includegraphics on input line 426.
Package epstopdf Info: Output file is already uptodate.
<UPNRT-eps-converted-to.pdf, id=370, 397.485pt x 289.08pt>
File: UPNRT-eps-converted-to.pdf Graphic file (type pdf)
<use UPNRT-eps-converted-to.pdf>
Package pdftex.def Info: UPNRT-eps-converted-to.pdf  used on input line 426.
(pdftex.def)             Requested size: 382.20432pt x 277.97679pt.
Package epstopdf Info: Source file: <LPNRT.eps>
(epstopdf)                    date: 2021-01-30 11:16:35
(epstopdf)                    size: 21827 bytes
(epstopdf)             Output file: <LPNRT-eps-converted-to.pdf>
(epstopdf)                    date: 2021-01-30 11:17:18
(epstopdf)                    size: 9037 bytes
(epstopdf)             Command: <repstopdf --outfile=LPNRT-eps-converted-to.pdf
 LPNRT.eps>
(epstopdf)             \includegraphics on input line 433.
Package epstopdf Info: Output file is already uptodate.
<LPNRT-eps-converted-to.pdf, id=371, 397.485pt x 289.08pt>
File: LPNRT-eps-converted-to.pdf Graphic file (type pdf)
<use LPNRT-eps-converted-to.pdf>
Package pdftex.def Info: LPNRT-eps-converted-to.pdf  used on input line 433.
(pdftex.def)             Requested size: 382.20432pt x 277.97679pt.
Package epstopdf Info: Source file: <CUPNRT.eps>
(epstopdf)                    date: 2021-01-30 11:16:40
(epstopdf)                    size: 21326 bytes
(epstopdf)             Output file: <CUPNRT-eps-converted-to.pdf>
(epstopdf)                    date: 2021-01-30 11:17:22
(epstopdf)                    size: 8929 bytes
(epstopdf)             Command: <repstopdf --outfile=CUPNRT-eps-converted-to.pd
f CUPNRT.eps>
(epstopdf)             \includegraphics on input line 440.
Package epstopdf Info: Output file is already uptodate.
<CUPNRT-eps-converted-to.pdf, id=372, 397.485pt x 289.08pt>
File: CUPNRT-eps-converted-to.pdf Graphic file (type pdf)
<use CUPNRT-eps-converted-to.pdf>
Package pdftex.def Info: CUPNRT-eps-converted-to.pdf  used on input line 440.
(pdftex.def)             Requested size: 382.20432pt x 277.97679pt.
Package epstopdf Info: Source file: <CLPNRT.eps>
(epstopdf)                    date: 2021-01-30 11:16:42
(epstopdf)                    size: 21864 bytes
(epstopdf)             Output file: <CLPNRT-eps-converted-to.pdf>
(epstopdf)                    date: 2021-01-30 11:17:28
(epstopdf)                    size: 9182 bytes
(epstopdf)             Command: <repstopdf --outfile=CLPNRT-eps-converted-to.pd
f CLPNRT.eps>
(epstopdf)             \includegraphics on input line 447.
Package epstopdf Info: Output file is already uptodate.
<CLPNRT-eps-converted-to.pdf, id=373, 397.485pt x 289.08pt>
File: CLPNRT-eps-converted-to.pdf Graphic file (type pdf)
<use CLPNRT-eps-converted-to.pdf>
Package pdftex.def Info: CLPNRT-eps-converted-to.pdf  used on input line 447.
(pdftex.def)             Requested size: 382.20432pt x 277.97679pt.
 [25 <./CLT.png (PNG copy)>] [26 <./TRT.png (PNG copy)> <./CLRT.png (PNG copy)>
] [27 <./CURT.png (PNG copy)> <./RT.png (PNG copy)>] [28 <./UPNRT-eps-converted
-to.pdf> <./LPNRT-eps-converted-to.pdf>] [29 <./CUPNRT-eps-converted-to.pdf> <.
/CLPNRT-eps-converted-to.pdf>] (./PVolume.tex)
Overfull \hbox (30.77016pt too wide) in paragraph at lines 3--457
 [][] 
 []


LaTeX Warning: Float too large for page by 50.71474pt on input line 457.

[30]
<TER.png, id=434, 794.97pt x 578.16pt>
File: TER.png Graphic file (type png)
<use TER.png>
Package pdftex.def Info: TER.png  used on input line 562.
(pdftex.def)             Requested size: 382.20432pt x 277.97238pt.
<CUER.png, id=435, 794.97pt x 578.16pt>
File: CUER.png Graphic file (type png)
<use CUER.png>
Package pdftex.def Info: CUER.png  used on input line 570.
(pdftex.def)             Requested size: 382.20432pt x 277.97238pt.
<CLER.png, id=436, 794.97pt x 578.16pt>
File: CLER.png Graphic file (type png)
<use CLER.png>
Package pdftex.def Info: CLER.png  used on input line 578.
(pdftex.def)             Requested size: 382.20432pt x 277.97238pt.
<ER.png, id=437, 794.97pt x 578.16pt>
File: ER.png Graphic file (type png)
<use ER.png>
Package pdftex.def Info: ER.png  used on input line 585.
(pdftex.def)             Requested size: 382.20432pt x 277.97238pt.
 [31

 <./TER.png (PNG copy)>] [32 <./CUER.png (PNG copy)> <./CLER.png (PNG copy)>] (
./PEReturn.tex)
Overfull \hbox (30.77016pt too wide) in paragraph at lines 3--595
 [][] 
 []


LaTeX Warning: Float too large for page by 50.71474pt on input line 595.

[33 <./ER.png (PNG copy)>] [34]
<TR.png, id=460, 794.97pt x 578.16pt>
File: TR.png Graphic file (type png)
<use TR.png>
Package pdftex.def Info: TR.png  used on input line 607.
(pdftex.def)             Requested size: 382.20432pt x 277.97238pt.
<R.png, id=461, 794.97pt x 578.16pt>
File: R.png Graphic file (type png)
<use R.png>
Package pdftex.def Info: R.png  used on input line 615.
(pdftex.def)             Requested size: 382.20432pt x 277.97238pt.
<CUR.png, id=462, 794.97pt x 578.16pt>
File: CUR.png Graphic file (type png)
<use CUR.png>
Package pdftex.def Info: CUR.png  used on input line 623.
(pdftex.def)             Requested size: 382.20432pt x 277.97238pt.
<CLR.png, id=463, 794.97pt x 578.16pt>
File: CLR.png Graphic file (type png)
<use CLR.png>
Package pdftex.def Info: CLR.png  used on input line 630.
(pdftex.def)             Requested size: 382.20432pt x 277.97238pt.
 [35

 <./TR.png (PNG copy)>] [36 <./R.png (PNG copy)> <./CUR.png (PNG copy)>] (./PRe
turn2.tex)
Overfull \hbox (30.77016pt too wide) in paragraph at lines 3--658
 [][] 
 []


LaTeX Warning: Float too large for page by 50.71474pt on input line 658.

Package atveryend Info: Empty hook `BeforeClearDocument' on input line 662.
[37 <./CLR.png (PNG copy)>] [38]
Package atveryend Info: Empty hook `AfterLastShipout' on input line 662.
 (./Summary.aux)
Package atveryend Info: Executing hook `AtVeryEndDocument' on input line 662.
Package atveryend Info: Executing hook `AtEndAfterFileList' on input line 662.
Package rerunfilecheck Info: File `Summary.out' has not changed.
(rerunfilecheck)             Checksum: 2CB21CA9F2034EBCA6F10A144C7AB7F2;479.
Package atveryend Info: Empty hook `AtVeryVeryEnd' on input line 662.
 ) 
Here is how much of TeX's memory you used:
 8695 strings out of 480608
 130880 string characters out of 5907536
 411352 words of memory out of 5000000
 24309 multiletter control sequences out of 15000+600000
 539661 words of font info for 48 fonts, out of 8000000 for 9000
 1141 hyphenation exceptions out of 8191
 48i,11n,46p,402b,386s stack positions out of 5000i,500n,10000p,200000b,80000s
{c:/texlive/2020/texmf-dist/fonts/enc/dvips/cm-super/cm-super-t1.enc}<c:/texl
ive/2020/texmf-dist/fonts/type1/public/amsfonts/cm/cmbx12.pfb><c:/texlive/2020/
texmf-dist/fonts/type1/public/amsfonts/cm/cmmi10.pfb><c:/texlive/2020/texmf-dis
t/fonts/type1/public/amsfonts/cm/cmmi12.pfb><c:/texlive/2020/texmf-dist/fonts/t
ype1/public/amsfonts/cm/cmmi6.pfb><c:/texlive/2020/texmf-dist/fonts/type1/publi
c/amsfonts/cm/cmmi8.pfb><c:/texlive/2020/texmf-dist/fonts/type1/public/amsfonts
/cm/cmr10.pfb><c:/texlive/2020/texmf-dist/fonts/type1/public/amsfonts/cm/cmr12.
pfb><c:/texlive/2020/texmf-dist/fonts/type1/public/amsfonts/cm/cmr17.pfb><c:/te
xlive/2020/texmf-dist/fonts/type1/public/amsfonts/cm/cmr6.pfb><c:/texlive/2020/
texmf-dist/fonts/type1/public/amsfonts/cm/cmr8.pfb><c:/texlive/2020/texmf-dist/
fonts/type1/public/amsfonts/cm/cmsy10.pfb><c:/texlive/2020/texmf-dist/fonts/typ
e1/public/amsfonts/cm/cmsy7.pfb><c:/texlive/2020/texmf-dist/fonts/type1/public/
amsfonts/cm/cmsy8.pfb><c:/texlive/2020/texmf-dist/fonts/type1/public/amsfonts/c
m/cmti10.pfb><c:/texlive/2020/texmf-dist/fonts/type1/public/cm-super/sfrm1200.p
fb>
Output written on Summary.pdf (38 pages, 2546234 bytes).
PDF statistics:
 562 PDF objects out of 1000 (max. 8388607)
 340 compressed objects within 4 object streams
 105 named destinations out of 1000 (max. 500000)
 323 words of extra memory for PDF output out of 10000 (max. 10000000)

